/home/jpablo/miniconda3/bin/quast.py flye_ont_assem_coli.fa raven_ont_assem_coli.fa velveth_illu_assem_coli.fa wengan_ont_assem_coli.fa

Version: 5.2.0

System information:
  OS: Linux-5.15.90.1-microsoft-standard-WSL2-x86_64-with-glibc2.35 (linux_64)
  Python version: 3.10.11
  CPUs number: 16

Started: 2023-11-06 00:56:30

Logging to /mnt/e/03_Github/Gene_prediction_and_annotation/Assem_seq_tech/quast_results/results_2023_11_06_00_56_30/quast.log
NOTICE: Maximum number of threads is set to 4 (use --threads option to set it manually)

CWD: /mnt/e/03_Github/Gene_prediction_and_annotation/Assem_seq_tech
Main parameters: 
  MODE: default, threads: 4, min contig length: 500, min alignment length: 65, min alignment IDY: 95.0, \
  ambiguity: one, min local misassembly length: 200, min extensive misassembly length: 1000

WARNING: Can't draw plots: python-matplotlib is missing or corrupted.

Contigs:
  Pre-processing...
  1  flye_ont_assem_coli.fa ==> flye_ont_assem_coli
  2  raven_ont_assem_coli.fa ==> raven_ont_assem_coli
  3  velveth_illu_assem_coli.fa ==> velveth_illu_assem_coli
  4  wengan_ont_assem_coli.fa ==> wengan_ont_assem_coli

2023-11-06 00:56:31
Running Basic statistics processor...
  Contig files: 
    1  flye_ont_assem_coli
    2  raven_ont_assem_coli
    3  velveth_illu_assem_coli
    4  wengan_ont_assem_coli
  Calculating N50 and L50...
    1  flye_ont_assem_coli, N50 = 4594744, L50 = 1, auN = 4554989.4, Total length = 4635205, GC % = 51.18, # N's per 100 kbp =  0.00
    2  raven_ont_assem_coli, N50 = 4590008, L50 = 1, auN = 4590008.0, Total length = 4590008, GC % = 51.07, # N's per 100 kbp =  0.00
    3  velveth_illu_assem_coli, N50 = 19872, L50 = 65, auN = 25281.8, Total length = 4511799, GC % = 50.74, # N's per 100 kbp =  0.00
    4  wengan_ont_assem_coli, N50 = 4641171, L50 = 1, auN = 4641171.0, Total length = 4641171, GC % = 50.79, # N's per 100 kbp =  0.00
Done.

NOTICE: Genes are not predicted by default. Use --gene-finding or --glimmer option to enable it.

2023-11-06 00:56:33
Creating large visual summaries...
This may take a while: press Ctrl-C to skip this step..
  1 of 1: Creating Icarus viewers...
Done

2023-11-06 00:56:34
RESULTS:
  Text versions of total report are saved to /mnt/e/03_Github/Gene_prediction_and_annotation/Assem_seq_tech/quast_results/results_2023_11_06_00_56_30/report.txt, report.tsv, and report.tex
  Text versions of transposed total report are saved to /mnt/e/03_Github/Gene_prediction_and_annotation/Assem_seq_tech/quast_results/results_2023_11_06_00_56_30/transposed_report.txt, transposed_report.tsv, and transposed_report.tex
  HTML version (interactive tables and plots) is saved to /mnt/e/03_Github/Gene_prediction_and_annotation/Assem_seq_tech/quast_results/results_2023_11_06_00_56_30/report.html
  Icarus (contig browser) is saved to /mnt/e/03_Github/Gene_prediction_and_annotation/Assem_seq_tech/quast_results/results_2023_11_06_00_56_30/icarus.html
  Log is saved to /mnt/e/03_Github/Gene_prediction_and_annotation/Assem_seq_tech/quast_results/results_2023_11_06_00_56_30/quast.log

Finished: 2023-11-06 00:56:34
Elapsed time: 0:00:03.885019
NOTICEs: 2; WARNINGs: 2; non-fatal ERRORs: 0

Thank you for using QUAST!
